[debug] [2019-10-16T13:32:45.944Z] ----------------------------------------------------------------------
[debug] [2019-10-16T13:32:45.947Z] Command:       C:\Program Files\nodejs\node.exe C:\Users\abin.azeez\AppData\Roaming\npm\node_modules\firebase-tools\lib\bin\firebase.js init
[debug] [2019-10-16T13:32:45.948Z] CLI Version:   7.6.0
[debug] [2019-10-16T13:32:45.948Z] Platform:      win32
[debug] [2019-10-16T13:32:45.948Z] Node Version:  v10.15.1
[debug] [2019-10-16T13:32:45.960Z] Time:          Wed Oct 16 2019 19:02:45 GMT+0530 (India Standard Time)
[debug] [2019-10-16T13:32:45.960Z] ----------------------------------------------------------------------
[debug] 
[debug] [2019-10-16T13:32:45.993Z] > command requires scopes: ["email","openid","https://www.googleapis.com/auth/cloudplatformprojects.readonly","https://www.googleapis.com/auth/firebase","https://www.googleapis.com/auth/cloud-platform"]
[debug] [2019-10-16T13:32:45.994Z] > authorizing via signed-in user
[info] 
     ######## #### ########  ######## ########     ###     ######  ########
     ##        ##  ##     ## ##       ##     ##  ##   ##  ##       ##
     ######    ##  ########  ######   ########  #########  ######  ######
     ##        ##  ##    ##  ##       ##     ## ##     ##       ## ##
     ##       #### ##     ## ######## ########  ##     ##  ######  ########

You're about to initialize a Firebase project in this directory:

  C:\Users\abin.azeez\Documents\_Never Backup\Works\Vue\developer-book\client

[debug] [2019-10-16T13:36:14.958Z] Error: kill ENOSYS
    at process.kill (internal/process/per_thread.js:198:13)
    at process.listener (C:\Users\abin.azeez\AppData\Roaming\npm\node_modules\firebase-tools\node_modules\signal-exit\index.js:95:15)
    at process.emit (events.js:189:13)
[error] 
[error] Error: An unexpected error has occurred.
[debug] [2019-10-17T05:24:21.578Z] ----------------------------------------------------------------------
[debug] [2019-10-17T05:24:21.581Z] Command:       C:\Program Files\nodejs\node.exe C:\Users\abin.azeez\AppData\Roaming\npm\node_modules\firebase-tools\lib\bin\firebase.js init
[debug] [2019-10-17T05:24:21.582Z] CLI Version:   7.6.0
[debug] [2019-10-17T05:24:21.582Z] Platform:      win32
[debug] [2019-10-17T05:24:21.582Z] Node Version:  v10.15.1
[debug] [2019-10-17T05:24:21.616Z] Time:          Thu Oct 17 2019 10:54:21 GMT+0530 (India Standard Time)
[debug] [2019-10-17T05:24:21.616Z] ----------------------------------------------------------------------
[debug] 
[debug] [2019-10-17T05:24:21.662Z] > command requires scopes: ["email","openid","https://www.googleapis.com/auth/cloudplatformprojects.readonly","https://www.googleapis.com/auth/firebase","https://www.googleapis.com/auth/cloud-platform"]
[debug] [2019-10-17T05:24:21.663Z] > authorizing via signed-in user
[info] 
     ######## #### ########  ######## ########     ###     ######  ########
     ##        ##  ##     ## ##       ##     ##  ##   ##  ##       ##
     ######    ##  ########  ######   ########  #########  ######  ######
     ##        ##  ##    ##  ##       ##     ## ##     ##       ## ##
     ##       #### ##     ## ######## ########  ##     ##  ######  ########

You're about to initialize a Firebase project in this directory:

  C:\Users\abin.azeez\Documents\_Never Backup\Works\Vue\developer-book\client

